*** Starting uWSGI 2.0.22 (64bit) on [Sun Jul 30 22:32:03 2023] ***
compiled with version: 9.3.0 on 28 July 2023 15:43:12
os: Linux-5.4.0-153-generic #170-Ubuntu SMP Fri Jun 16 13:43:31 UTC 2023
nodename: VM-8-9-ubuntu
machine: x86_64
clock source: unix
detected number of CPU cores: 2
current working directory: /home/ubuntu/test/backend_demo/demo
writing pidfile to uwsgi.pid
detected binary path: /usr/local/bin/uwsgi
!!! no internal routing support, rebuild with pcre support !!!
chdir() to /home/ubuntu/test/backend_demo/demo
your processes number limit is 7492
your memory page size is 4096 bytes
detected max file descriptor number: 1024
lock engine: pthread robust mutexes
thunder lock: disabled (you can enable it with --thunder-lock)
uwsgi socket 0 bound to TCP address 127.0.0.1:8000 fd 3
Python version: 3.8.10 (default, May 26 2023, 14:05:08)  [GCC 9.4.0]
Python main interpreter initialized at 0x55e38988bd50
python threads support enabled
your server socket listen backlog is limited to 100 connections
your mercy for graceful operations on workers is 60 seconds
mapped 1031270 bytes (1007 KB) for 8 cores
*** Operational MODE: preforking+threaded ***
added /home/ubuntu/miniconda3/envs/django/lib/python3.9/site-packages/ to pythonpath.
WSGI app 0 (mountpoint='') ready in 0 seconds on interpreter 0x55e38988bd50 pid: 1651601 (default app)
*** uWSGI is running in multiple interpreter mode ***
spawned uWSGI master process (pid: 1651601)
spawned uWSGI worker 1 (pid: 1651604, cores: 2)
spawned uWSGI worker 2 (pid: 1651605, cores: 2)
spawned uWSGI worker 3 (pid: 1651607, cores: 2)
spawned uWSGI worker 4 (pid: 1651608, cores: 2)
SIGINT/SIGTERM received...killing workers...
worker 1 buried after 1 seconds
worker 2 buried after 1 seconds
worker 3 buried after 1 seconds
worker 4 buried after 1 seconds
goodbye to uWSGI.
VACUUM: pidfile removed.
